build/app/intermediates/manifest_merge_blame_file/release/manifest-merger-blame-release-report.txt
1<?xml version="1.0" encoding="utf-8"?>
2<manifest xmlns:android="http://schemas.android.com/apk/res/android"
3    package="br.com.noahsoftware.test.uaifai"
4    android:versionCode="1"
5    android:versionName="1.0.0" >
6
7    <uses-sdk
8        android:minSdkVersion="19"
8-->src\main\AndroidManifest.xml
9        android:targetSdkVersion="33" />
9-->src\main\AndroidManifest.xml
10
11    <uses-permission android:name="android.permission.INTERNET" />
11-->src\main\AndroidManifest.xml:5:5-66
11-->src\main\AndroidManifest.xml:5:22-64
12    <uses-permission android:name="android.permission.ACCESS_WIFI_STATE" />
12-->src\main\AndroidManifest.xml:6:5-76
12-->src\main\AndroidManifest.xml:6:22-73
13    <uses-permission android:name="android.permission.ACCESS_NETWORK_STATE" />
13-->src\main\AndroidManifest.xml:7:1-75
13-->src\main\AndroidManifest.xml:7:18-72
14    <!--
15         Required to query activities that can process text, see:
16         https://developer.android.com/training/package-visibility?hl=en and
17         https://developer.android.com/reference/android/content/Intent#ACTION_PROCESS_TEXT.
18
19         In particular, this is used by the Flutter engine in io.flutter.plugin.text.ProcessTextPlugin.
20    -->
21    <queries>
21-->src\main\AndroidManifest.xml:50:5-55:15
22        <intent>
22-->src\main\AndroidManifest.xml:51:9-54:18
23            <action android:name="android.intent.action.PROCESS_TEXT" />
23-->src\main\AndroidManifest.xml:52:13-72
23-->src\main\AndroidManifest.xml:52:21-70
24
25            <data android:mimeType="text/plain" />
25-->src\main\AndroidManifest.xml:53:13-50
25-->src\main\AndroidManifest.xml:53:19-48
26        </intent>
27    </queries>
28
29    <application
30        android:name="android.app.Application"
30-->src\main\AndroidManifest.xml:11:9-42
31        android:appComponentFactory="androidx.core.app.CoreComponentFactory"
31-->[androidx.core:core:1.6.0] AndroidManifest.xml:24:18-86
32        android:icon="@mipmap/icon"
32-->src\main\AndroidManifest.xml:12:9-36
33        android:label="Conex"
33-->src\main\AndroidManifest.xml:10:9-30
34        android:networkSecurityConfig="@xml/network_security_config"
34-->src\main\AndroidManifest.xml:13:9-69
35        android:usesCleartextTraffic="true" >
35-->src\main\AndroidManifest.xml:14:9-44
36        <activity
36-->src\main\AndroidManifest.xml:18:9-38:20
37            android:name="br.com.noahsoftware.test.uaifai.MainActivity"
37-->src\main\AndroidManifest.xml:19:13-41
38            android:configChanges="orientation|keyboardHidden|keyboard|screenSize|smallestScreenSize|locale|layoutDirection|fontScale|screenLayout|density|uiMode"
38-->src\main\AndroidManifest.xml:23:13-163
39            android:exported="true"
39-->src\main\AndroidManifest.xml:20:13-36
40            android:hardwareAccelerated="true"
40-->src\main\AndroidManifest.xml:24:13-47
41            android:launchMode="singleTop"
41-->src\main\AndroidManifest.xml:21:13-43
42            android:theme="@style/LaunchTheme"
42-->src\main\AndroidManifest.xml:22:13-47
43            android:windowSoftInputMode="adjustResize" >
43-->src\main\AndroidManifest.xml:25:13-55
44
45            <!--
46                 Specifies an Android theme to apply to this Activity as soon as
47                 the Android process has started. This theme is visible to the user
48                 while the Flutter UI initializes. After that, this theme continues
49                 to determine the Window background behind the Flutter UI.
50            -->
51            <meta-data
51-->src\main\AndroidManifest.xml:30:13-33:17
52                android:name="io.flutter.embedding.android.NormalTheme"
52-->src\main\AndroidManifest.xml:31:15-70
53                android:resource="@style/NormalTheme" />
53-->src\main\AndroidManifest.xml:32:15-52
54
55            <intent-filter>
55-->src\main\AndroidManifest.xml:34:13-37:29
56                <action android:name="android.intent.action.MAIN" />
56-->src\main\AndroidManifest.xml:35:17-68
56-->src\main\AndroidManifest.xml:35:25-66
57
58                <category android:name="android.intent.category.LAUNCHER" />
58-->src\main\AndroidManifest.xml:36:17-76
58-->src\main\AndroidManifest.xml:36:27-74
59            </intent-filter>
60        </activity>
61        <!--
62             Don't delete the meta-data below.
63             This is used by the Flutter tool to generate GeneratedPluginRegistrant.java
64        -->
65        <meta-data
65-->src\main\AndroidManifest.xml:41:9-43:33
66            android:name="flutterEmbedding"
66-->src\main\AndroidManifest.xml:42:13-44
67            android:value="2" />
67-->src\main\AndroidManifest.xml:43:13-30
68
69        <uses-library
69-->[androidx.window:window:1.0.0-beta04] AndroidManifest.xml:25:9-27:40
70            android:name="androidx.window.extensions"
70-->[androidx.window:window:1.0.0-beta04] AndroidManifest.xml:26:13-54
71            android:required="false" />
71-->[androidx.window:window:1.0.0-beta04] AndroidManifest.xml:27:13-37
72        <uses-library
72-->[androidx.window:window:1.0.0-beta04] AndroidManifest.xml:28:9-30:40
73            android:name="androidx.window.sidecar"
73-->[androidx.window:window:1.0.0-beta04] AndroidManifest.xml:29:13-51
74            android:required="false" />
74-->[androidx.window:window:1.0.0-beta04] AndroidManifest.xml:30:13-37
75    </application>
76
77</manifest>